   Compiling morphir-ir v0.1.0 (/home/damian/code/repos/github/finos/morphir-rust-ir-versioning/crates/morphir-ir)
error: expected item after attributes
 --> crates/morphir-ir/src/naming/path.rs:1:1
  |
1 | #[derive(Debug, Clone, PartialEq, Eq, Hash, JsonSchema)]
  | ^^^^^^^^^^^^^^^^^^^^^^^^^^^^^^^^^^^^^^^^^^^^^^^^^^^^^^^^

warning: unused variable: `pkg`
 --> crates/morphir-ir/src/converter.rs:3:22
  |
3 | pub fn classic_to_v4(pkg: classic::Package) -> v4::Package {
  |                      ^^^ help: if this is intentional, prefix it with an underscore: `_pkg`
  |
  = note: `#[warn(unused_variables)]` (part of `#[warn(unused)]`) on by default

warning: unused variable: `pkg`
  --> crates/morphir-ir/src/converter.rs:10:22
   |
10 | pub fn v4_to_classic(pkg: v4::Package) -> classic::Package {
   |                      ^^^ help: if this is intentional, prefix it with an underscore: `_pkg`

warning: `morphir-ir` (lib) generated 2 warnings
error: could not compile `morphir-ir` (lib) due to 1 previous error; 2 warnings emitted
